This file contains any messages produced by compilers while
running configure, to aid debugging if configure makes a mistake.

It was created by mousetrap configure 3.17.4-pre, which was
generated by GNU Autoconf 2.69.  Invocation command line was

  $ ./configure 

## --------- ##
## Platform. ##
## --------- ##

hostname = localhost.localdomain
uname -m = x86_64
uname -r = 4.4.6-201.fc22.x86_64
uname -s = Linux
uname -v = #1 SMP Wed Mar 30 18:30:16 UTC 2016

/usr/bin/uname -p = x86_64
/bin/uname -X     = unknown

/bin/arch              = x86_64
/usr/bin/arch -k       = unknown
/usr/convex/getsysinfo = unknown
/usr/bin/hostinfo      = unknown
/bin/machine           = unknown
/usr/bin/oslevel       = unknown
/bin/universe          = unknown

PATH: /usr/local/bin
PATH: /usr/local/sbin
PATH: /usr/bin
PATH: /usr/sbin
PATH: /bin
PATH: /sbin
PATH: /home/akshayb/.local/bin
PATH: /home/akshayb/bin


## ----------- ##
## Core tests. ##
## ----------- ##

configure:1772: checking for a BSD-compatible install
configure:1840: result: /usr/bin/install -c
configure:1851: checking whether build environment is sane
configure:1906: result: yes
configure:2057: checking for a thread-safe mkdir -p
configure:2096: result: /usr/bin/mkdir -p
configure:2103: checking for gawk
configure:2119: found /usr/bin/gawk
configure:2130: result: gawk
configure:2141: checking whether make sets $(MAKE)
configure:2163: result: yes
configure:2192: checking whether make supports nested variables
configure:2209: result: yes
configure:2379: checking for a Python interpreter with version >= 2.7
configure:2396: python -c import sys # split strings by '.' and convert to numeric. Append some zeros # because we need at least 4 digits for the hex conversion. # map returns an iterator in Python 3.0 and a list in 2.x minver = list(map(int, '2.7'.split('.'))) + [0, 0, 0] minverhex = 0 # xrange is not present in Python 3.0 and range returns an iterator for i in list(range(0, 4)): minverhex = (minverhex << 8) + minver[i] sys.exit(sys.hexversion < minverhex)
configure:2399: $? = 0
configure:2405: result: python
configure:2413: checking for python
configure:2431: found /usr/bin/python
configure:2443: result: /usr/bin/python
configure:2461: checking for python version
configure:2468: result: 2.7
configure:2480: checking for python platform
configure:2487: result: linux2
configure:2513: checking for python script directory
configure:2548: result: ${prefix}/lib/python2.7/site-packages
configure:2557: checking for python extension module directory
configure:2592: result: ${exec_prefix}/lib64/python2.7/site-packages
configure:2608: checking for python module cv2
configure:2634: result: yes
configure:2644: checking for python module gi.repository
configure:2670: result: yes
configure:2680: checking for python module Xlib
configure:2706: result: yes
configure:2716: checking for python module yaml
configure:2742: result: yes
configure:2755: checking for python
configure:2773: found /usr/bin/python
configure:2785: result: /usr/bin/python
configure:2991: checking that generated files are newer than configure
configure:2997: result: done
configure:3005: creating ./config.status

## ---------------------- ##
## Running config.status. ##
## ---------------------- ##

This file was extended by mousetrap config.status 3.17.4-pre, which was
generated by GNU Autoconf 2.69.  Invocation command line was

  CONFIG_FILES    = 
  CONFIG_HEADERS  = 
  CONFIG_LINKS    = 
  CONFIG_COMMANDS = 
  $ ./config.status 

on localhost.localdomain

config.status:754: creating Makefile

## ---------------- ##
## Cache variables. ##
## ---------------- ##

ac_cv_env_PYTHON_set=
ac_cv_env_PYTHON_value=
ac_cv_env_build_alias_set=
ac_cv_env_build_alias_value=
ac_cv_env_host_alias_set=
ac_cv_env_host_alias_value=
ac_cv_env_target_alias_set=
ac_cv_env_target_alias_value=
ac_cv_path_PYTHON=/usr/bin/python
ac_cv_path_ac_prefix_program=/usr/bin/python
ac_cv_path_install='/usr/bin/install -c'
ac_cv_path_mkdir=/usr/bin/mkdir
ac_cv_prog_AWK=gawk
ac_cv_prog_make_make_set=yes
am_cv_make_support_nested_variables=yes
am_cv_pathless_PYTHON=python
am_cv_python_platform=linux2
am_cv_python_pyexecdir='${exec_prefix}/lib64/python2.7/site-packages'
am_cv_python_pythondir='${prefix}/lib/python2.7/site-packages'
am_cv_python_version=2.7
py_cv_mod_Xlib_=yes
py_cv_mod_cv2_=yes
py_cv_mod_gi_repository_=yes
py_cv_mod_yaml_=yes

## ----------------- ##
## Output variables. ##
## ----------------- ##

ACLOCAL='${SHELL} /home/akshayb/MouseTrapDevelop/mousetrap/missing aclocal-1.15'
AMTAR='$${TAR-tar}'
AM_BACKSLASH='\'
AM_DEFAULT_V='$(AM_DEFAULT_VERBOSITY)'
AM_DEFAULT_VERBOSITY='1'
AM_V='$(V)'
AUTOCONF='${SHELL} /home/akshayb/MouseTrapDevelop/mousetrap/missing autoconf'
AUTOHEADER='${SHELL} /home/akshayb/MouseTrapDevelop/mousetrap/missing autoheader'
AUTOMAKE='${SHELL} /home/akshayb/MouseTrapDevelop/mousetrap/missing automake-1.15'
AWK='gawk'
CURRENT_DIR='/home/akshayb/MouseTrapDevelop/mousetrap'
CYGPATH_W='echo'
DEFS='-DPACKAGE_NAME=\"mousetrap\" -DPACKAGE_TARNAME=\"mousetrap\" -DPACKAGE_VERSION=\"3.17.4-pre\" -DPACKAGE_STRING=\"mousetrap\ 3.17.4-pre\" -DPACKAGE_BUGREPORT=\"https://bugzilla.gnome.org/enter_bug.cgi\?product=mousetrap\" -DPACKAGE_URL=\"\" -DPACKAGE=\"mousetrap\" -DVERSION=\"3.17.4-pre\"'
ECHO_C=''
ECHO_N='-n'
ECHO_T=''
INSTALL_DATA='${INSTALL} -m 644'
INSTALL_PROGRAM='${INSTALL}'
INSTALL_SCRIPT='${INSTALL}'
INSTALL_STRIP_PROGRAM='$(install_sh) -c -s'
LIBOBJS=''
LIBS=''
LTLIBOBJS=''
MAKEINFO='${SHELL} /home/akshayb/MouseTrapDevelop/mousetrap/missing makeinfo'
MKDIR_P='/usr/bin/mkdir -p'
MOUSETRAP_VERSION='3.17.4-pre'
PACKAGE='mousetrap'
PACKAGE_BUGREPORT='https://bugzilla.gnome.org/enter_bug.cgi?product=mousetrap'
PACKAGE_NAME='mousetrap'
PACKAGE_STRING='mousetrap 3.17.4-pre'
PACKAGE_TARNAME='mousetrap'
PACKAGE_URL=''
PACKAGE_VERSION='3.17.4-pre'
PATH_SEPARATOR=':'
PYTHON='/usr/bin/python'
PYTHON_EXEC_PREFIX='${exec_prefix}'
PYTHON_PLATFORM='linux2'
PYTHON_PREFIX='${prefix}'
PYTHON_VERSION='2.7'
SET_MAKE=''
SHELL='/bin/sh'
STRIP=''
VERSION='3.17.4-pre'
ac_prefix_program='/usr/bin/python'
am__isrc=''
am__leading_dot='.'
am__tar='$${TAR-tar} chof - "$$tardir"'
am__untar='$${TAR-tar} xf -'
bindir='${exec_prefix}/bin'
build_alias=''
datadir='${datarootdir}'
datarootdir='${prefix}/share'
docdir='${datarootdir}/doc/${PACKAGE_TARNAME}'
dvidir='${docdir}'
exec_prefix='${prefix}'
host_alias=''
htmldir='${docdir}'
includedir='${prefix}/include'
infodir='${datarootdir}/info'
install_sh='${SHELL} /home/akshayb/MouseTrapDevelop/mousetrap/install-sh'
libdir='${exec_prefix}/lib'
libexecdir='${exec_prefix}/libexec'
localedir='${datarootdir}/locale'
localstatedir='${prefix}/var'
mandir='${datarootdir}/man'
mkdir_p='$(MKDIR_P)'
oldincludedir='/usr/include'
pdfdir='${docdir}'
pkgpyexecdir='${pyexecdir}/mousetrap'
pkgpythondir='${pythondir}/mousetrap'
prefix='/usr'
program_transform_name='s,x,x,'
psdir='${docdir}'
pyexecdir='${exec_prefix}/lib64/python2.7/site-packages'
pythondir='${prefix}/lib/python2.7/site-packages'
sbindir='${exec_prefix}/sbin'
sharedstatedir='${prefix}/com'
sysconfdir='${prefix}/etc'
target_alias=''

## ----------- ##
## confdefs.h. ##
## ----------- ##

/* confdefs.h */
#define PACKAGE_NAME "mousetrap"
#define PACKAGE_TARNAME "mousetrap"
#define PACKAGE_VERSION "3.17.4-pre"
#define PACKAGE_STRING "mousetrap 3.17.4-pre"
#define PACKAGE_BUGREPORT "https://bugzilla.gnome.org/enter_bug.cgi?product=mousetrap"
#define PACKAGE_URL ""
#define PACKAGE "mousetrap"
#define VERSION "3.17.4-pre"

configure: exit 0
